<?xml version="1.0" encoding="UTF-8"?>
<!-- Generated by org.testng.reporters.JUnitReportReporter -->
<testsuite hostname="DESKTOP-VQPVIM5" failures="0" tests="1" name="com.qapitol.Testcases.FormsTest" time="5.377" errors="0" timestamp="2024-11-14T13:04:26 IST" skipped="0">
  <testcase classname="com.qapitol.Testcases.FormsTest" name="formTest" time="5.377"/>
</testsuite> <!-- com.qapitol.Testcases.FormsTest -->
