<?xml version="1.0" encoding="UTF-8"?>
<!-- Generated by org.testng.reporters.JUnitReportReporter -->
<testsuite hostname="DESKTOP-VQPVIM5" failures="0" tests="1" name="com.qapitol.Testcases.InteractionsTest" time="0.728" errors="0" timestamp="2024-11-18T23:33:16 IST" skipped="0">
  <testcase classname="com.qapitol.Testcases.InteractionsTest" name="interaction" time="0.728"/>
</testsuite> <!-- com.qapitol.Testcases.InteractionsTest -->
