<?xml version="1.0" encoding="UTF-8"?>
<!-- Generated by org.testng.reporters.JUnitReportReporter -->
<testsuite hostname="DESKTOP-VQPVIM5" failures="0" tests="1" name="com.qapitol.Testcases.AlertsTest" time="22.836" errors="0" timestamp="2024-11-18T15:46:39 IST" skipped="0">
  <testcase classname="com.qapitol.Testcases.AlertsTest" name="frames" time="22.836"/>
</testsuite> <!-- com.qapitol.Testcases.AlertsTest -->
